## Footprint report - date 04/30/20 22:02:47
## Created by Pcbnew version kicad (5.1.5)-3
## Unit = mm, Angle = deg.

$BeginDESCRIPTION

$BOARD
upper_left_corner 196.309999 88.972619
lower_right_corner 287.050001 153.695001
$EndBOARD

$MODULE "REF***"
reference "REF***"
value "OSHW-Logo2_9.8x8mm_SilkScreen"
footprint "Symbols:OSHW-Logo2_9.8x8mm_SilkScreen"
attribut virtual
position 258.445000 133.350000  orientation 0.00
layer front
$EndMODULE  REF***

$MODULE "U1"
reference "U1"
value "ADS1115IDGS"
footprint "Main:ADS1115-KIT"
attribut none
position 236.220000 114.935000  orientation 270.00
layer front
$PAD "7"
Shape Owal Layer both
position 11.430000  0.000000  size  1.200000  2.000000  orientation 0.00
drill  0.800000
shape_offset  0.000000  0.000000
$EndPAD
$PAD "6"
Shape Owal Layer both
position  8.890000  0.000000  size  1.200000  2.000000  orientation 0.00
drill  0.800000
shape_offset  0.000000  0.000000
$EndPAD
$PAD "5"
Shape Owal Layer both
position  6.350000  0.000000  size  1.200000  2.000000  orientation 0.00
drill  0.800000
shape_offset  0.000000  0.000000
$EndPAD
$PAD "4"
Shape Owal Layer both
position  3.810000  0.000000  size  1.200000  2.000000  orientation 0.00
drill  0.800000
shape_offset  0.000000  0.000000
$EndPAD
$PAD "2"
Shape Owal Layer both
position  1.270000  0.000000  size  1.200000  2.000000  orientation 0.00
drill  0.800000
shape_offset  0.000000  0.000000
$EndPAD
$PAD "1"
Shape Owal Layer both
position -1.270000  0.000000  size  1.200000  2.000000  orientation 0.00
drill  0.800000
shape_offset  0.000000  0.000000
$EndPAD
$PAD "10"
Shape Owal Layer both
position -3.810000  0.000000  size  1.200000  2.000000  orientation 0.00
drill  0.800000
shape_offset  0.000000  0.000000
$EndPAD
$PAD "9"
Shape Owal Layer both
position -6.350000  0.000000  size  1.200000  2.000000  orientation 0.00
drill  0.800000
shape_offset  0.000000  0.000000
$EndPAD
$PAD "3"
Shape Owal Layer both
position -8.890000  0.000000  size  1.200000  2.000000  orientation 0.00
drill  0.800000
shape_offset  0.000000  0.000000
$EndPAD
$PAD "8"
Shape Owal Layer both
position -11.430000  0.000000  size  1.200000  2.000000  orientation 0.00
drill  0.800000
shape_offset  0.000000  0.000000
$EndPAD
$EndMODULE  U1

$MODULE "J6"
reference "J6"
value "RJ12"
footprint "Connectors:RJ12_E"
attribut none
position 229.235000 144.780000  orientation 0.00
layer front
$PAD "4"
Shape Okrąg Layer both
position  3.810000 -2.540000  size  1.520000  1.520000  orientation 0.00
drill  0.810000
shape_offset  0.000000  0.000000
$EndPAD
$PAD "2"
Shape Okrąg Layer both
position  1.270000 -2.540000  size  1.520000  1.520000  orientation 0.00
drill  0.810000
shape_offset  0.000000  0.000000
$EndPAD
$PAD "6"
Shape Okrąg Layer both
position  6.350000 -2.540000  size  1.520000  1.520000  orientation 0.00
drill  0.810000
shape_offset  0.000000  0.000000
$EndPAD
$PAD "1"
Shape Okrąg Layer both
position  0.000000  0.000000  size  1.520000  1.520000  orientation 0.00
drill  0.810000
shape_offset  0.000000  0.000000
$EndPAD
$PAD "3"
Shape Okrąg Layer both
position  2.540000  0.000000  size  1.520000  1.520000  orientation 0.00
drill  0.810000
shape_offset  0.000000  0.000000
$EndPAD
$PAD "5"
Shape Okrąg Layer both
position  5.080000  0.000000  size  1.520000  1.520000  orientation 0.00
drill  0.810000
shape_offset  0.000000  0.000000
$EndPAD
$PAD "8"
Shape Okrąg Layer both
position  9.910000  2.030000  size  3.000000  3.000000  orientation 0.00
drill  0.810000
shape_offset  0.000000  0.000000
$EndPAD
$PAD "7"
Shape Okrąg Layer both
position -3.560000  2.030000  size  3.000000  3.000000  orientation 0.00
drill  0.810000
shape_offset  0.000000  0.000000
$EndPAD
$EndMODULE  J6

$MODULE "J3"
reference "J3"
value "AudioJack3"
footprint "Connector_Audio:Jack_3.5mm_Switronic_ST-005-G_horizontal"
attribut none
position 203.835000 116.205000  orientation 0.00
layer front
$PAD ""
Shape Okrąg Layer both
position  2.500000 -2.500000  size  1.000000  1.000000  orientation 0.00
drill  1.000000
shape_offset  0.000000  0.000000
$EndPAD
$PAD ""
Shape Okrąg Layer both
position  2.500000  2.500000  size  1.000000  1.000000  orientation 0.00
drill  1.000000
shape_offset  0.000000  0.000000
$EndPAD
$PAD "S"
Shape Okrąg Layer both
position  6.500000  2.250000  size  1.900000  1.900000  orientation 0.00
drill  1.200000
shape_offset  0.000000  0.000000
$EndPAD
$PAD "R"
Shape Prostokąt Layer both
position  6.500000 -2.250000  size  1.900000  1.900000  orientation 0.00
drill  1.200000
shape_offset  0.000000  0.000000
$EndPAD
$PAD "T"
Shape Okrąg Layer both
position -1.000000  2.900000  size  1.900000  1.900000  orientation 0.00
drill  1.200000
shape_offset  0.000000  0.000000
$EndPAD
$PAD "T"
Shape Okrąg Layer both
position -1.000000 -2.900000  size  1.900000  1.900000  orientation 0.00
drill  1.200000
shape_offset  0.000000  0.000000
$EndPAD
$EndMODULE  J3

$MODULE "J4"
reference "J4"
value "AudioJack3"
footprint "Connector_Audio:Jack_3.5mm_Switronic_ST-005-G_horizontal"
attribut none
position 203.835000 125.095000  orientation 0.00
layer front
$PAD ""
Shape Okrąg Layer both
position  2.500000 -2.500000  size  1.000000  1.000000  orientation 0.00
drill  1.000000
shape_offset  0.000000  0.000000
$EndPAD
$PAD ""
Shape Okrąg Layer both
position  2.500000  2.500000  size  1.000000  1.000000  orientation 0.00
drill  1.000000
shape_offset  0.000000  0.000000
$EndPAD
$PAD "S"
Shape Okrąg Layer both
position  6.500000  2.250000  size  1.900000  1.900000  orientation 0.00
drill  1.200000
shape_offset  0.000000  0.000000
$EndPAD
$PAD "R"
Shape Prostokąt Layer both
position  6.500000 -2.250000  size  1.900000  1.900000  orientation 0.00
drill  1.200000
shape_offset  0.000000  0.000000
$EndPAD
$PAD "T"
Shape Okrąg Layer both
position -1.000000  2.900000  size  1.900000  1.900000  orientation 0.00
drill  1.200000
shape_offset  0.000000  0.000000
$EndPAD
$PAD "T"
Shape Okrąg Layer both
position -1.000000 -2.900000  size  1.900000  1.900000  orientation 0.00
drill  1.200000
shape_offset  0.000000  0.000000
$EndPAD
$EndMODULE  J4

$MODULE "J5"
reference "J5"
value "AudioJack3"
footprint "Connector_Audio:Jack_3.5mm_Switronic_ST-005-G_horizontal"
attribut none
position 203.835000 133.985000  orientation 0.00
layer front
$PAD ""
Shape Okrąg Layer both
position  2.500000 -2.500000  size  1.000000  1.000000  orientation 0.00
drill  1.000000
shape_offset  0.000000  0.000000
$EndPAD
$PAD ""
Shape Okrąg Layer both
position  2.500000  2.500000  size  1.000000  1.000000  orientation 0.00
drill  1.000000
shape_offset  0.000000  0.000000
$EndPAD
$PAD "S"
Shape Okrąg Layer both
position  6.500000  2.250000  size  1.900000  1.900000  orientation 0.00
drill  1.200000
shape_offset  0.000000  0.000000
$EndPAD
$PAD "R"
Shape Prostokąt Layer both
position  6.500000 -2.250000  size  1.900000  1.900000  orientation 0.00
drill  1.200000
shape_offset  0.000000  0.000000
$EndPAD
$PAD "T"
Shape Okrąg Layer both
position -1.000000  2.900000  size  1.900000  1.900000  orientation 0.00
drill  1.200000
shape_offset  0.000000  0.000000
$EndPAD
$PAD "T"
Shape Okrąg Layer both
position -1.000000 -2.900000  size  1.900000  1.900000  orientation 0.00
drill  1.200000
shape_offset  0.000000  0.000000
$EndPAD
$EndMODULE  J5

$MODULE "J8"
reference "J8"
value "Conn_01x03"
footprint "Pin_Headers:Pin_Header_Angled_1x03_Pitch2.54mm"
attribut none
position 253.365000 118.885000  orientation 0.00
layer front
$PAD "1"
Shape Prostokąt Layer both
position  0.000000  0.000000  size  1.700000  1.700000  orientation 0.00
drill  1.000000
shape_offset  0.000000  0.000000
$EndPAD
$PAD "2"
Shape Owal Layer both
position  0.000000  2.540000  size  1.700000  1.700000  orientation 0.00
drill  1.000000
shape_offset  0.000000  0.000000
$EndPAD
$PAD "3"
Shape Owal Layer both
position  0.000000  5.080000  size  1.700000  1.700000  orientation 0.00
drill  1.000000
shape_offset  0.000000  0.000000
$EndPAD
$EndMODULE  J8

$MODULE "J14"
reference "J14"
value "Conn_01x04_Male"
footprint "Pin_Headers:Pin_Header_Straight_1x04_Pitch2.54mm"
attribut none
position 248.285000 104.775000  orientation 0.00
layer front
$PAD "1"
Shape Prostokąt Layer both
position  0.000000  0.000000  size  1.700000  1.700000  orientation 0.00
drill  1.000000
shape_offset  0.000000  0.000000
$EndPAD
$PAD "2"
Shape Owal Layer both
position  0.000000  2.540000  size  1.700000  1.700000  orientation 0.00
drill  1.000000
shape_offset  0.000000  0.000000
$EndPAD
$PAD "3"
Shape Owal Layer both
position  0.000000  5.080000  size  1.700000  1.700000  orientation 0.00
drill  1.000000
shape_offset  0.000000  0.000000
$EndPAD
$PAD "4"
Shape Owal Layer both
position  0.000000  7.620000  size  1.700000  1.700000  orientation 0.00
drill  1.000000
shape_offset  0.000000  0.000000
$EndPAD
$EndMODULE  J14

$MODULE "J13"
reference "J13"
value "Conn_01x04_Male"
footprint "Pin_Headers:Pin_Header_Angled_1x04_Pitch2.54mm"
attribut none
position 253.340000 104.775000  orientation 0.00
layer front
$PAD "1"
Shape Prostokąt Layer both
position  0.000000  0.000000  size  1.700000  1.700000  orientation 0.00
drill  1.000000
shape_offset  0.000000  0.000000
$EndPAD
$PAD "2"
Shape Owal Layer both
position  0.000000  2.540000  size  1.700000  1.700000  orientation 0.00
drill  1.000000
shape_offset  0.000000  0.000000
$EndPAD
$PAD "3"
Shape Owal Layer both
position  0.000000  5.080000  size  1.700000  1.700000  orientation 0.00
drill  1.000000
shape_offset  0.000000  0.000000
$EndPAD
$PAD "4"
Shape Owal Layer both
position  0.000000  7.620000  size  1.700000  1.700000  orientation 0.00
drill  1.000000
shape_offset  0.000000  0.000000
$EndPAD
$EndMODULE  J13

$MODULE "R3"
reference "R3"
value "4,7k"
footprint "Resistors_THT:R_Axial_DIN0207_L6.3mm_D2.5mm_P7.62mm_Horizontal"
attribut none
position 222.885000 117.475000  orientation 180.00
layer front
$PAD "1"
Shape Okrąg Layer both
position  0.000000  0.000000  size  1.600000  1.600000  orientation 0.00
drill  0.800000
shape_offset  0.000000  0.000000
$EndPAD
$PAD "2"
Shape Owal Layer both
position  7.620000  0.000000  size  1.600000  1.600000  orientation 0.00
drill  0.800000
shape_offset  0.000000  0.000000
$EndPAD
$EndMODULE  R3

$MODULE "R2"
reference "R2"
value "4,7k"
footprint "Resistors_THT:R_Axial_DIN0207_L6.3mm_D2.5mm_P7.62mm_Horizontal"
attribut none
position 222.885000 111.760000  orientation 180.00
layer front
$PAD "1"
Shape Okrąg Layer both
position  0.000000  0.000000  size  1.600000  1.600000  orientation 0.00
drill  0.800000
shape_offset  0.000000  0.000000
$EndPAD
$PAD "2"
Shape Owal Layer both
position  7.620000  0.000000  size  1.600000  1.600000  orientation 0.00
drill  0.800000
shape_offset  0.000000  0.000000
$EndPAD
$EndMODULE  R2

$MODULE "U2"
reference "U2"
value "PCF8574"
footprint "Housings_DIP:DIP-16_W7.62mm"
attribut none
position 222.250000 137.795000  orientation 90.00
layer front
$PAD "1"
Shape Prostokąt Layer both
position  0.000000  0.000000  size  1.600000  1.600000  orientation 0.00
drill  0.800000
shape_offset  0.000000  0.000000
$EndPAD
$PAD "9"
Shape Owal Layer both
position  7.620000 17.780000  size  1.600000  1.600000  orientation 0.00
drill  0.800000
shape_offset  0.000000  0.000000
$EndPAD
$PAD "2"
Shape Owal Layer both
position  0.000000  2.540000  size  1.600000  1.600000  orientation 0.00
drill  0.800000
shape_offset  0.000000  0.000000
$EndPAD
$PAD "10"
Shape Owal Layer both
position  7.620000 15.240000  size  1.600000  1.600000  orientation 0.00
drill  0.800000
shape_offset  0.000000  0.000000
$EndPAD
$PAD "3"
Shape Owal Layer both
position  0.000000  5.080000  size  1.600000  1.600000  orientation 0.00
drill  0.800000
shape_offset  0.000000  0.000000
$EndPAD
$PAD "11"
Shape Owal Layer both
position  7.620000 12.700000  size  1.600000  1.600000  orientation 0.00
drill  0.800000
shape_offset  0.000000  0.000000
$EndPAD
$PAD "4"
Shape Owal Layer both
position  0.000000  7.620000  size  1.600000  1.600000  orientation 0.00
drill  0.800000
shape_offset  0.000000  0.000000
$EndPAD
$PAD "12"
Shape Owal Layer both
position  7.620000 10.160000  size  1.600000  1.600000  orientation 0.00
drill  0.800000
shape_offset  0.000000  0.000000
$EndPAD
$PAD "5"
Shape Owal Layer both
position  0.000000 10.160000  size  1.600000  1.600000  orientation 0.00
drill  0.800000
shape_offset  0.000000  0.000000
$EndPAD
$PAD "13"
Shape Owal Layer both
position  7.620000  7.620000  size  1.600000  1.600000  orientation 0.00
drill  0.800000
shape_offset  0.000000  0.000000
$EndPAD
$PAD "6"
Shape Owal Layer both
position  0.000000 12.700000  size  1.600000  1.600000  orientation 0.00
drill  0.800000
shape_offset  0.000000  0.000000
$EndPAD
$PAD "14"
Shape Owal Layer both
position  7.620000  5.080000  size  1.600000  1.600000  orientation 0.00
drill  0.800000
shape_offset  0.000000  0.000000
$EndPAD
$PAD "7"
Shape Owal Layer both
position  0.000000 15.240000  size  1.600000  1.600000  orientation 0.00
drill  0.800000
shape_offset  0.000000  0.000000
$EndPAD
$PAD "15"
Shape Owal Layer both
position  7.620000  2.540000  size  1.600000  1.600000  orientation 0.00
drill  0.800000
shape_offset  0.000000  0.000000
$EndPAD
$PAD "8"
Shape Owal Layer both
position  0.000000 17.780000  size  1.600000  1.600000  orientation 0.00
drill  0.800000
shape_offset  0.000000  0.000000
$EndPAD
$PAD "16"
Shape Owal Layer both
position  7.620000  0.000000  size  1.600000  1.600000  orientation 0.00
drill  0.800000
shape_offset  0.000000  0.000000
$EndPAD
$EndMODULE  U2

$MODULE "J11"
reference "J11"
value "Conn_01x03"
footprint "Pin_Headers:Pin_Header_Straight_1x03_Pitch2.54mm"
attribut none
position 243.815000 118.885000  orientation 0.00
layer front
$PAD "1"
Shape Prostokąt Layer both
position  0.000000  0.000000  size  1.700000  1.700000  orientation 0.00
drill  1.000000
shape_offset  0.000000  0.000000
$EndPAD
$PAD "2"
Shape Owal Layer both
position  0.000000  2.540000  size  1.700000  1.700000  orientation 0.00
drill  1.000000
shape_offset  0.000000  0.000000
$EndPAD
$PAD "3"
Shape Owal Layer both
position  0.000000  5.080000  size  1.700000  1.700000  orientation 0.00
drill  1.000000
shape_offset  0.000000  0.000000
$EndPAD
$EndMODULE  J11

$MODULE "J10"
reference "J10"
value "Conn_01x03"
footprint "Pin_Headers:Pin_Header_Straight_1x03_Pitch2.54mm"
attribut none
position 246.990000 118.885000  orientation 0.00
layer front
$PAD "1"
Shape Prostokąt Layer both
position  0.000000  0.000000  size  1.700000  1.700000  orientation 0.00
drill  1.000000
shape_offset  0.000000  0.000000
$EndPAD
$PAD "2"
Shape Owal Layer both
position  0.000000  2.540000  size  1.700000  1.700000  orientation 0.00
drill  1.000000
shape_offset  0.000000  0.000000
$EndPAD
$PAD "3"
Shape Owal Layer both
position  0.000000  5.080000  size  1.700000  1.700000  orientation 0.00
drill  1.000000
shape_offset  0.000000  0.000000
$EndPAD
$EndMODULE  J10

$MODULE "J9"
reference "J9"
value "Conn_01x03"
footprint "Pin_Headers:Pin_Header_Straight_1x03_Pitch2.54mm"
attribut none
position 250.165000 118.885000  orientation 0.00
layer front
$PAD "1"
Shape Prostokąt Layer both
position  0.000000  0.000000  size  1.700000  1.700000  orientation 0.00
drill  1.000000
shape_offset  0.000000  0.000000
$EndPAD
$PAD "2"
Shape Owal Layer both
position  0.000000  2.540000  size  1.700000  1.700000  orientation 0.00
drill  1.000000
shape_offset  0.000000  0.000000
$EndPAD
$PAD "3"
Shape Owal Layer both
position  0.000000  5.080000  size  1.700000  1.700000  orientation 0.00
drill  1.000000
shape_offset  0.000000  0.000000
$EndPAD
$EndMODULE  J9

$MODULE "R1"
reference "R1"
value "4,7k"
footprint "Resistors_THT:R_Axial_DIN0207_L6.3mm_D2.5mm_P7.62mm_Horizontal"
attribut none
position 222.885000 106.045000  orientation 180.00
layer front
$PAD "1"
Shape Okrąg Layer both
position  0.000000  0.000000  size  1.600000  1.600000  orientation 0.00
drill  0.800000
shape_offset  0.000000  0.000000
$EndPAD
$PAD "2"
Shape Owal Layer both
position  7.620000  0.000000  size  1.600000  1.600000  orientation 0.00
drill  0.800000
shape_offset  0.000000  0.000000
$EndPAD
$EndMODULE  R1

$MODULE "J7"
reference "J7"
value "RJ12"
footprint "Connectors:RJ12_E"
attribut none
position 246.380000 144.780000  orientation 0.00
layer front
$PAD "4"
Shape Okrąg Layer both
position  3.810000 -2.540000  size  1.520000  1.520000  orientation 0.00
drill  0.810000
shape_offset  0.000000  0.000000
$EndPAD
$PAD "2"
Shape Okrąg Layer both
position  1.270000 -2.540000  size  1.520000  1.520000  orientation 0.00
drill  0.810000
shape_offset  0.000000  0.000000
$EndPAD
$PAD "6"
Shape Okrąg Layer both
position  6.350000 -2.540000  size  1.520000  1.520000  orientation 0.00
drill  0.810000
shape_offset  0.000000  0.000000
$EndPAD
$PAD "1"
Shape Okrąg Layer both
position  0.000000  0.000000  size  1.520000  1.520000  orientation 0.00
drill  0.810000
shape_offset  0.000000  0.000000
$EndPAD
$PAD "3"
Shape Okrąg Layer both
position  2.540000  0.000000  size  1.520000  1.520000  orientation 0.00
drill  0.810000
shape_offset  0.000000  0.000000
$EndPAD
$PAD "5"
Shape Okrąg Layer both
position  5.080000  0.000000  size  1.520000  1.520000  orientation 0.00
drill  0.810000
shape_offset  0.000000  0.000000
$EndPAD
$PAD "8"
Shape Okrąg Layer both
position  9.910000  2.030000  size  3.000000  3.000000  orientation 0.00
drill  0.810000
shape_offset  0.000000  0.000000
$EndPAD
$PAD "7"
Shape Okrąg Layer both
position -3.560000  2.030000  size  3.000000  3.000000  orientation 0.00
drill  0.810000
shape_offset  0.000000  0.000000
$EndPAD
$EndMODULE  J7

$MODULE "J2"
reference "J2"
value "AudioJack3"
footprint "Connector_Audio:Jack_3.5mm_Switronic_ST-005-G_horizontal"
attribut none
position 203.835000 107.315000  orientation 0.00
layer front
$PAD ""
Shape Okrąg Layer both
position  2.500000 -2.500000  size  1.000000  1.000000  orientation 0.00
drill  1.000000
shape_offset  0.000000  0.000000
$EndPAD
$PAD ""
Shape Okrąg Layer both
position  2.500000  2.500000  size  1.000000  1.000000  orientation 0.00
drill  1.000000
shape_offset  0.000000  0.000000
$EndPAD
$PAD "S"
Shape Okrąg Layer both
position  6.500000  2.250000  size  1.900000  1.900000  orientation 0.00
drill  1.200000
shape_offset  0.000000  0.000000
$EndPAD
$PAD "R"
Shape Prostokąt Layer both
position  6.500000 -2.250000  size  1.900000  1.900000  orientation 0.00
drill  1.200000
shape_offset  0.000000  0.000000
$EndPAD
$PAD "T"
Shape Okrąg Layer both
position -1.000000  2.900000  size  1.900000  1.900000  orientation 0.00
drill  1.200000
shape_offset  0.000000  0.000000
$EndPAD
$PAD "T"
Shape Okrąg Layer both
position -1.000000 -2.900000  size  1.900000  1.900000  orientation 0.00
drill  1.200000
shape_offset  0.000000  0.000000
$EndPAD
$EndMODULE  J2

$MODULE "J1"
reference "J1"
value "RJ12"
footprint "Connectors:RJ12_E"
attribut none
position 212.065000 144.780000  orientation 0.00
layer front
$PAD "4"
Shape Okrąg Layer both
position  3.810000 -2.540000  size  1.520000  1.520000  orientation 0.00
drill  0.810000
shape_offset  0.000000  0.000000
$EndPAD
$PAD "2"
Shape Okrąg Layer both
position  1.270000 -2.540000  size  1.520000  1.520000  orientation 0.00
drill  0.810000
shape_offset  0.000000  0.000000
$EndPAD
$PAD "6"
Shape Okrąg Layer both
position  6.350000 -2.540000  size  1.520000  1.520000  orientation 0.00
drill  0.810000
shape_offset  0.000000  0.000000
$EndPAD
$PAD "1"
Shape Okrąg Layer both
position  0.000000  0.000000  size  1.520000  1.520000  orientation 0.00
drill  0.810000
shape_offset  0.000000  0.000000
$EndPAD
$PAD "3"
Shape Okrąg Layer both
position  2.540000  0.000000  size  1.520000  1.520000  orientation 0.00
drill  0.810000
shape_offset  0.000000  0.000000
$EndPAD
$PAD "5"
Shape Okrąg Layer both
position  5.080000  0.000000  size  1.520000  1.520000  orientation 0.00
drill  0.810000
shape_offset  0.000000  0.000000
$EndPAD
$PAD "8"
Shape Okrąg Layer both
position  9.910000  2.030000  size  3.000000  3.000000  orientation 0.00
drill  0.810000
shape_offset  0.000000  0.000000
$EndPAD
$PAD "7"
Shape Okrąg Layer both
position -3.560000  2.030000  size  3.000000  3.000000  orientation 0.00
drill  0.810000
shape_offset  0.000000  0.000000
$EndPAD
$EndMODULE  J1

$MODULE "P1"
reference "P1"
value "Conn_02x20_Odd_Even"
footprint "Connector_PinSocket_2.54mm:PinSocket_2x20_P2.54mm_Vertical"
attribut none
position 208.370000 98.770000  orientation 270.00
layer back
$PAD "1"
Shape Prostokąt Layer both
position  0.000000  0.000000  size  1.700000  1.700000  orientation 0.00
drill  1.000000
shape_offset  0.000000  0.000000
$EndPAD
$PAD "2"
Shape Owal Layer both
position -2.540000  0.000000  size  1.700000  1.700000  orientation 0.00
drill  1.000000
shape_offset  0.000000  0.000000
$EndPAD
$PAD "3"
Shape Owal Layer both
position  0.000000 -2.540000  size  1.700000  1.700000  orientation 0.00
drill  1.000000
shape_offset  0.000000  0.000000
$EndPAD
$PAD "4"
Shape Owal Layer both
position -2.540000 -2.540000  size  1.700000  1.700000  orientation 0.00
drill  1.000000
shape_offset  0.000000  0.000000
$EndPAD
$PAD "5"
Shape Owal Layer both
position  0.000000 -5.080000  size  1.700000  1.700000  orientation 0.00
drill  1.000000
shape_offset  0.000000  0.000000
$EndPAD
$PAD "6"
Shape Owal Layer both
position -2.540000 -5.080000  size  1.700000  1.700000  orientation 0.00
drill  1.000000
shape_offset  0.000000  0.000000
$EndPAD
$PAD "7"
Shape Owal Layer both
position  0.000000 -7.620000  size  1.700000  1.700000  orientation 0.00
drill  1.000000
shape_offset  0.000000  0.000000
$EndPAD
$PAD "8"
Shape Owal Layer both
position -2.540000 -7.620000  size  1.700000  1.700000  orientation 0.00
drill  1.000000
shape_offset  0.000000  0.000000
$EndPAD
$PAD "9"
Shape Owal Layer both
position  0.000000 -10.160000  size  1.700000  1.700000  orientation 0.00
drill  1.000000
shape_offset  0.000000  0.000000
$EndPAD
$PAD "10"
Shape Owal Layer both
position -2.540000 -10.160000  size  1.700000  1.700000  orientation 0.00
drill  1.000000
shape_offset  0.000000  0.000000
$EndPAD
$PAD "11"
Shape Owal Layer both
position  0.000000 -12.700000  size  1.700000  1.700000  orientation 0.00
drill  1.000000
shape_offset  0.000000  0.000000
$EndPAD
$PAD "12"
Shape Owal Layer both
position -2.540000 -12.700000  size  1.700000  1.700000  orientation 0.00
drill  1.000000
shape_offset  0.000000  0.000000
$EndPAD
$PAD "13"
Shape Owal Layer both
position  0.000000 -15.240000  size  1.700000  1.700000  orientation 0.00
drill  1.000000
shape_offset  0.000000  0.000000
$EndPAD
$PAD "14"
Shape Owal Layer both
position -2.540000 -15.240000  size  1.700000  1.700000  orientation 0.00
drill  1.000000
shape_offset  0.000000  0.000000
$EndPAD
$PAD "15"
Shape Owal Layer both
position  0.000000 -17.780000  size  1.700000  1.700000  orientation 0.00
drill  1.000000
shape_offset  0.000000  0.000000
$EndPAD
$PAD "16"
Shape Owal Layer both
position -2.540000 -17.780000  size  1.700000  1.700000  orientation 0.00
drill  1.000000
shape_offset  0.000000  0.000000
$EndPAD
$PAD "17"
Shape Owal Layer both
position  0.000000 -20.320000  size  1.700000  1.700000  orientation 0.00
drill  1.000000
shape_offset  0.000000  0.000000
$EndPAD
$PAD "18"
Shape Owal Layer both
position -2.540000 -20.320000  size  1.700000  1.700000  orientation 0.00
drill  1.000000
shape_offset  0.000000  0.000000
$EndPAD
$PAD "19"
Shape Owal Layer both
position  0.000000 -22.860000  size  1.700000  1.700000  orientation 0.00
drill  1.000000
shape_offset  0.000000  0.000000
$EndPAD
$PAD "20"
Shape Owal Layer both
position -2.540000 -22.860000  size  1.700000  1.700000  orientation 0.00
drill  1.000000
shape_offset  0.000000  0.000000
$EndPAD
$PAD "21"
Shape Owal Layer both
position  0.000000 -25.400000  size  1.700000  1.700000  orientation 0.00
drill  1.000000
shape_offset  0.000000  0.000000
$EndPAD
$PAD "22"
Shape Owal Layer both
position -2.540000 -25.400000  size  1.700000  1.700000  orientation 0.00
drill  1.000000
shape_offset  0.000000  0.000000
$EndPAD
$PAD "23"
Shape Owal Layer both
position  0.000000 -27.940000  size  1.700000  1.700000  orientation 0.00
drill  1.000000
shape_offset  0.000000  0.000000
$EndPAD
$PAD "24"
Shape Owal Layer both
position -2.540000 -27.940000  size  1.700000  1.700000  orientation 0.00
drill  1.000000
shape_offset  0.000000  0.000000
$EndPAD
$PAD "25"
Shape Owal Layer both
position  0.000000 -30.480000  size  1.700000  1.700000  orientation 0.00
drill  1.000000
shape_offset  0.000000  0.000000
$EndPAD
$PAD "26"
Shape Owal Layer both
position -2.540000 -30.480000  size  1.700000  1.700000  orientation 0.00
drill  1.000000
shape_offset  0.000000  0.000000
$EndPAD
$PAD "27"
Shape Owal Layer both
position  0.000000 -33.020000  size  1.700000  1.700000  orientation 0.00
drill  1.000000
shape_offset  0.000000  0.000000
$EndPAD
$PAD "28"
Shape Owal Layer both
position -2.540000 -33.020000  size  1.700000  1.700000  orientation 0.00
drill  1.000000
shape_offset  0.000000  0.000000
$EndPAD
$PAD "29"
Shape Owal Layer both
position  0.000000 -35.560000  size  1.700000  1.700000  orientation 0.00
drill  1.000000
shape_offset  0.000000  0.000000
$EndPAD
$PAD "30"
Shape Owal Layer both
position -2.540000 -35.560000  size  1.700000  1.700000  orientation 0.00
drill  1.000000
shape_offset  0.000000  0.000000
$EndPAD
$PAD "31"
Shape Owal Layer both
position  0.000000 -38.100000  size  1.700000  1.700000  orientation 0.00
drill  1.000000
shape_offset  0.000000  0.000000
$EndPAD
$PAD "32"
Shape Owal Layer both
position -2.540000 -38.100000  size  1.700000  1.700000  orientation 0.00
drill  1.000000
shape_offset  0.000000  0.000000
$EndPAD
$PAD "33"
Shape Owal Layer both
position  0.000000 -40.640000  size  1.700000  1.700000  orientation 0.00
drill  1.000000
shape_offset  0.000000  0.000000
$EndPAD
$PAD "34"
Shape Owal Layer both
position -2.540000 -40.640000  size  1.700000  1.700000  orientation 0.00
drill  1.000000
shape_offset  0.000000  0.000000
$EndPAD
$PAD "35"
Shape Owal Layer both
position  0.000000 -43.180000  size  1.700000  1.700000  orientation 0.00
drill  1.000000
shape_offset  0.000000  0.000000
$EndPAD
$PAD "36"
Shape Owal Layer both
position -2.540000 -43.180000  size  1.700000  1.700000  orientation 0.00
drill  1.000000
shape_offset  0.000000  0.000000
$EndPAD
$PAD "37"
Shape Owal Layer both
position  0.000000 -45.720000  size  1.700000  1.700000  orientation 0.00
drill  1.000000
shape_offset  0.000000  0.000000
$EndPAD
$PAD "38"
Shape Owal Layer both
position -2.540000 -45.720000  size  1.700000  1.700000  orientation 0.00
drill  1.000000
shape_offset  0.000000  0.000000
$EndPAD
$PAD "39"
Shape Owal Layer both
position  0.000000 -48.260000  size  1.700000  1.700000  orientation 0.00
drill  1.000000
shape_offset  0.000000  0.000000
$EndPAD
$PAD "40"
Shape Owal Layer both
position -2.540000 -48.260000  size  1.700000  1.700000  orientation 0.00
drill  1.000000
shape_offset  0.000000  0.000000
$EndPAD
$EndMODULE  P1

$MODULE "MK4"
reference "MK4"
value "M2.5"
footprint "MountingHole:MountingHole_2.7mm_M2.5"
attribut virtual
position 261.500000 146.500000  orientation 0.00
layer front
$PAD "1"
Shape Okrąg Layer both
position  0.000000  0.000000  size  2.700000  2.700000  orientation 0.00
drill  2.700000
shape_offset  0.000000  0.000000
$EndPAD
$EndMODULE  MK4

$MODULE "MK3"
reference "MK3"
value "M2.5"
footprint "MountingHole:MountingHole_2.7mm_M2.5"
attribut virtual
position 203.500000 146.500000  orientation 0.00
layer front
$PAD "1"
Shape Okrąg Layer both
position  0.000000  0.000000  size  2.700000  2.700000  orientation 0.00
drill  2.700000
shape_offset  0.000000  0.000000
$EndPAD
$EndMODULE  MK3

$MODULE "MK2"
reference "MK2"
value "M2.5"
footprint "MountingHole:MountingHole_2.7mm_M2.5"
attribut virtual
position 261.500000 97.500000  orientation 180.00
layer front
$PAD "1"
Shape Okrąg Layer both
position  0.000000  0.000000  size  2.700000  2.700000  orientation 0.00
drill  2.700000
shape_offset  0.000000  0.000000
$EndPAD
$EndMODULE  MK2

$MODULE "MK1"
reference "MK1"
value "M2.5"
footprint "MountingHole:MountingHole_2.7mm_M2.5"
attribut virtual
position 203.500000 97.500000  orientation 180.00
layer front
$PAD "1"
Shape Okrąg Layer both
position  0.000000  0.000000  size  2.700000  2.700000  orientation 0.00
drill  2.700000
shape_offset  0.000000  0.000000
$EndPAD
$EndMODULE  MK1

$EndDESCRIPTION
